Determining if the pthread_create exist failed with the following output:
Change Dir: /home/jengol/catkin_ws/build/CMakeFiles/CMakeTmp

Run Build Command:/usr/bin/make "cmTryCompileExec2276931338/fast"
/usr/bin/make -f CMakeFiles/cmTryCompileExec2276931338.dir/build.make CMakeFiles/cmTryCompileExec2276931338.dir/build
make[1]: Entering directory `/home/jengol/catkin_ws/build/CMakeFiles/CMakeTmp'
/usr/bin/cmake -E cmake_progress_report /home/jengol/catkin_ws/build/CMakeFiles/CMakeTmp/CMakeFiles 1
Building C object CMakeFiles/cmTryCompileExec2276931338.dir/CheckSymbolExists.c.o
/usr/bin/cc    -o CMakeFiles/cmTryCompileExec2276931338.dir/CheckSymbolExists.c.o   -c /home/jengol/catkin_ws/build/CMakeFiles/CMakeTmp/CheckSymbolExists.c
Linking C executable cmTryCompileExec2276931338
/usr/bin/cmake -E cmake_link_script CMakeFiles/cmTryCompileExec2276931338.dir/link.txt --verbose=1
/usr/bin/cc       CMakeFiles/cmTryCompileExec2276931338.dir/CheckSymbolExists.c.o  -o cmTryCompileExec2276931338 -rdynamic 
CMakeFiles/cmTryCompileExec2276931338.dir/CheckSymbolExists.c.o: In function `main':
CheckSymbolExists.c:(.text+0x16): undefined reference to `pthread_create'
collect2: error: ld returned 1 exit status
make[1]: *** [cmTryCompileExec2276931338] Error 1
make[1]: Leaving directory `/home/jengol/catkin_ws/build/CMakeFiles/CMakeTmp'
make: *** [cmTryCompileExec2276931338/fast] Error 2

File /home/jengol/catkin_ws/build/CMakeFiles/CMakeTmp/CheckSymbolExists.c:
/* */
#include <pthread.h>

int main(int argc, char** argv)
{
  (void)argv;
#ifndef pthread_create
  return ((int*)(&pthread_create))[argc];
#else
  (void)argc;
  return 0;
#endif
}

Determining if the function pthread_create exists in the pthreads failed with the following output:
Change Dir: /home/jengol/catkin_ws/build/CMakeFiles/CMakeTmp

Run Build Command:/usr/bin/make "cmTryCompileExec3777644152/fast"
/usr/bin/make -f CMakeFiles/cmTryCompileExec3777644152.dir/build.make CMakeFiles/cmTryCompileExec3777644152.dir/build
make[1]: Entering directory `/home/jengol/catkin_ws/build/CMakeFiles/CMakeTmp'
/usr/bin/cmake -E cmake_progress_report /home/jengol/catkin_ws/build/CMakeFiles/CMakeTmp/CMakeFiles 1
Building C object CMakeFiles/cmTryCompileExec3777644152.dir/CheckFunctionExists.c.o
/usr/bin/cc   -DCHECK_FUNCTION_EXISTS=pthread_create   -o CMakeFiles/cmTryCompileExec3777644152.dir/CheckFunctionExists.c.o   -c /usr/share/cmake-2.8/Modules/CheckFunctionExists.c
Linking C executable cmTryCompileExec3777644152
/usr/bin/cmake -E cmake_link_script CMakeFiles/cmTryCompileExec3777644152.dir/link.txt --verbose=1
/usr/bin/cc   -DCHECK_FUNCTION_EXISTS=pthread_create    CMakeFiles/cmTryCompileExec3777644152.dir/CheckFunctionExists.c.o  -o cmTryCompileExec3777644152 -rdynamic -lpthreads 
/usr/bin/ld: cannot find -lpthreads
collect2: error: ld returned 1 exit status
make[1]: *** [cmTryCompileExec3777644152] Error 1
make[1]: Leaving directory `/home/jengol/catkin_ws/build/CMakeFiles/CMakeTmp'
make: *** [cmTryCompileExec3777644152/fast] Error 2


Determining if the Q_WS_WIN exist failed with the following output:
Change Dir: /home/jengol/catkin_ws/build/CMakeFiles/CMakeTmp

Run Build Command:/usr/bin/make "cmTryCompileExec3638921719/fast"
/usr/bin/make -f CMakeFiles/cmTryCompileExec3638921719.dir/build.make CMakeFiles/cmTryCompileExec3638921719.dir/build
make[1]: Entering directory `/home/jengol/catkin_ws/build/CMakeFiles/CMakeTmp'
/usr/bin/cmake -E cmake_progress_report /home/jengol/catkin_ws/build/CMakeFiles/CMakeTmp/CMakeFiles 1
Building CXX object CMakeFiles/cmTryCompileExec3638921719.dir/CheckSymbolExists.cxx.o
/usr/bin/c++    -I/usr/include/qt4    -o CMakeFiles/cmTryCompileExec3638921719.dir/CheckSymbolExists.cxx.o -c /home/jengol/catkin_ws/build/CMakeFiles/CMakeTmp/CheckSymbolExists.cxx
/home/jengol/catkin_ws/build/CMakeFiles/CMakeTmp/CheckSymbolExists.cxx: In function ‘int main(int, char**)’:
/home/jengol/catkin_ws/build/CMakeFiles/CMakeTmp/CheckSymbolExists.cxx:8:19: error: ‘Q_WS_WIN’ was not declared in this scope
   return ((int*)(&Q_WS_WIN))[argc];
                   ^
make[1]: *** [CMakeFiles/cmTryCompileExec3638921719.dir/CheckSymbolExists.cxx.o] Error 1
make[1]: Leaving directory `/home/jengol/catkin_ws/build/CMakeFiles/CMakeTmp'
make: *** [cmTryCompileExec3638921719/fast] Error 2

File /home/jengol/catkin_ws/build/CMakeFiles/CMakeTmp/CheckSymbolExists.cxx:
/* */
#include <QtCore/qglobal.h>

int main(int argc, char** argv)
{
  (void)argv;
#ifndef Q_WS_WIN
  return ((int*)(&Q_WS_WIN))[argc];
#else
  (void)argc;
  return 0;
#endif
}

Determining if the Q_WS_QWS exist failed with the following output:
Change Dir: /home/jengol/catkin_ws/build/CMakeFiles/CMakeTmp

Run Build Command:/usr/bin/make "cmTryCompileExec2162590830/fast"
/usr/bin/make -f CMakeFiles/cmTryCompileExec2162590830.dir/build.make CMakeFiles/cmTryCompileExec2162590830.dir/build
make[1]: Entering directory `/home/jengol/catkin_ws/build/CMakeFiles/CMakeTmp'
/usr/bin/cmake -E cmake_progress_report /home/jengol/catkin_ws/build/CMakeFiles/CMakeTmp/CMakeFiles 1
Building CXX object CMakeFiles/cmTryCompileExec2162590830.dir/CheckSymbolExists.cxx.o
/usr/bin/c++    -I/usr/include/qt4    -o CMakeFiles/cmTryCompileExec2162590830.dir/CheckSymbolExists.cxx.o -c /home/jengol/catkin_ws/build/CMakeFiles/CMakeTmp/CheckSymbolExists.cxx
/home/jengol/catkin_ws/build/CMakeFiles/CMakeTmp/CheckSymbolExists.cxx: In function ‘int main(int, char**)’:
/home/jengol/catkin_ws/build/CMakeFiles/CMakeTmp/CheckSymbolExists.cxx:8:19: error: ‘Q_WS_QWS’ was not declared in this scope
   return ((int*)(&Q_WS_QWS))[argc];
                   ^
make[1]: *** [CMakeFiles/cmTryCompileExec2162590830.dir/CheckSymbolExists.cxx.o] Error 1
make[1]: Leaving directory `/home/jengol/catkin_ws/build/CMakeFiles/CMakeTmp'
make: *** [cmTryCompileExec2162590830/fast] Error 2

File /home/jengol/catkin_ws/build/CMakeFiles/CMakeTmp/CheckSymbolExists.cxx:
/* */
#include <QtCore/qglobal.h>

int main(int argc, char** argv)
{
  (void)argv;
#ifndef Q_WS_QWS
  return ((int*)(&Q_WS_QWS))[argc];
#else
  (void)argc;
  return 0;
#endif
}

Determining if the Q_WS_MAC exist failed with the following output:
Change Dir: /home/jengol/catkin_ws/build/CMakeFiles/CMakeTmp

Run Build Command:/usr/bin/make "cmTryCompileExec567014287/fast"
/usr/bin/make -f CMakeFiles/cmTryCompileExec567014287.dir/build.make CMakeFiles/cmTryCompileExec567014287.dir/build
make[1]: Entering directory `/home/jengol/catkin_ws/build/CMakeFiles/CMakeTmp'
/usr/bin/cmake -E cmake_progress_report /home/jengol/catkin_ws/build/CMakeFiles/CMakeTmp/CMakeFiles 1
Building CXX object CMakeFiles/cmTryCompileExec567014287.dir/CheckSymbolExists.cxx.o
/usr/bin/c++    -I/usr/include/qt4    -o CMakeFiles/cmTryCompileExec567014287.dir/CheckSymbolExists.cxx.o -c /home/jengol/catkin_ws/build/CMakeFiles/CMakeTmp/CheckSymbolExists.cxx
/home/jengol/catkin_ws/build/CMakeFiles/CMakeTmp/CheckSymbolExists.cxx: In function ‘int main(int, char**)’:
/home/jengol/catkin_ws/build/CMakeFiles/CMakeTmp/CheckSymbolExists.cxx:8:19: error: ‘Q_WS_MAC’ was not declared in this scope
   return ((int*)(&Q_WS_MAC))[argc];
                   ^
make[1]: *** [CMakeFiles/cmTryCompileExec567014287.dir/CheckSymbolExists.cxx.o] Error 1
make[1]: Leaving directory `/home/jengol/catkin_ws/build/CMakeFiles/CMakeTmp'
make: *** [cmTryCompileExec567014287/fast] Error 2

File /home/jengol/catkin_ws/build/CMakeFiles/CMakeTmp/CheckSymbolExists.cxx:
/* */
#include <QtCore/qglobal.h>

int main(int argc, char** argv)
{
  (void)argv;
#ifndef Q_WS_MAC
  return ((int*)(&Q_WS_MAC))[argc];
#else
  (void)argc;
  return 0;
#endif
}

